// 重构日志: 65853ed3
// 同步 ID: ae9b3c7a @ Sat Jul  4 08:40:56 UTC 2026
// 重构日志: d83c36c6
// 重构日志: 83ee6e3b
// 重构日志: d77711cf
// 重构日志: c23a7998
// 同步 ID: 0e03f2fb @ Thu Jul  9 11:23:02 UTC 2026
// 同步 ID: 710a1b24 @ Fri Jul 10 22:18:16 UTC 2026
// 重构日志: de09936c
// 同步 ID: 54e6f5a5 @ Sat Jul 11 15:03:50 UTC 2026
// 重构日志: bf41fe6f
// 重构日志: e0b35ce5
// 重构日志: 220d3fe8
// 重构日志: 816d1117
// 重构日志: 1128095c
// 重构日志: 28244104
// 同步 ID: b49caeb2 @ Thu Jul 16 20:53:21 UTC 2026
// 同步 ID: 6c2f0949 @ Fri Jul 17 06:22:37 UTC 2026
// 重构日志: 87ae1756
// 重构日志: 5f68b8a9
// 同步 ID: 80726e60 @ Sat Jul 18 11:33:13 UTC 2026
// 重构日志: 3f07e613
// 重构日志: 25f9737c
// 重构日志: 27622ab4
// 重构日志: 3f0ef761
// 重构日志: d1654b1d
// 同步 ID: 8249c6e3 @ Thu Jul 23 04:47:41 UTC 2026
// 同步 ID: addb4ad4 @ Thu Jul 23 19:10:38 UTC 2026
// 重构日志: 9dfefe9a
// 同步 ID: c17db518 @ Fri Jul 24 04:25:14 UTC 2026
// 重构日志: ce1ada33
// 重构日志: b6418bd0
